æ°æ­
ç­æ­
ä¸­å½å¥½å£°é³
ç»å¸èæ­
çµè§å§
å¹¿åºè
æ¬§ç¾
è½»é³ä¹
DJ èæ²
80å
ç½ç»æ­æ²
å²ç
å¿æ­
çº¯é³ä¹
ç²¤è¯­
æ°æ­
é¢ç´æ²
è¨åæ¯
å¤å¸é³ä¹
å¯¹å±
ä½æé³ä¹
æåæ²
ææ¯æ­æ
èåæ­æ²
ä¼¤æ
æ¿æ
å®é
èæ
çè
å±å¿
å¯å¯
æ³å¿µ
æµªæ¼«
æå¿µ
åæ¦
æ·±æ
ç¾å¥½
ææ§
è½»æ¾
å°æ¸æ°
DJ èæ²
çº¯å
å¯ç¾
è½»é³ä¹
èç¼
æ²»æ
å²ç
æ¢æ
å¤§æ°
æ°æ­
éæ¥
å¤å¸é³ä¹
å¥½å¬
äº¤åä¹
ç¬è¯æ®µå­
ç¸å£°æ²èº
è±å£ç§
æ¯å©´å¿ç«¥
å°è¯´è¯»ç©
æµªæ¼«è¨æ
æ¢æ¡æ¨ç
ç©¿è¶æ¶ç©º
é½å¸ææ
æ²»æç³»
ç»¼èºå¨±ä¹
å¨±ä¹å«å¦
æè²
å¥åº·
æåº§
ç¾é£
çæ´»
ä¸çæ¯
æåæ²
èæ
ä½æé³ä¹
æ­¦ä¾
ææ­
åææ­æ²
ææ²
çº¢æ­
å¤é£
æµéå²æ
ç½ç»æ­æ²
å¿æ­
ä¸­å½é£
å¿ç«¥æäº
è±æå¿æ­
æ ¼è±ç¾
äºäººè½¬
ç»å¸èæ­
æ¬§ç¾ç»å¸
50å¹´ä»£
60å¹´ä»£
70å¹´ä»£
80å¹´ä»£
90å¹´ä»£
70å
80å
90å
å¿æ­
é¢ç´æ²
å¤ç­
è¨åæ¯
äºè¡
è«è¦ä¸
çº¯é³ä¹
å°æç´
å¤§æç´
çµç¶
ç®¡å¼¦ä¹
åä»
ç«ç´
é¿ç¬
å£ç´
æ¬§ç¾
æ¬§ç¾ç»å¸
å½è¯­
é©è¯­
ç²¤è¯­
é½åè¯­
æ¥è¯­
ä¿ç½æ¯
å°åº¦
èæ­
æ³è¯­
æä¸
äºåæ°æ­
é¿æä¼¯è¯­
ä¸åäº
èåæ­æ²
å¹¿åºè
æ ¡å­
æè¡
èæ¯é³ä¹
åå
å¤åº
éå§
åå¡å
å©ç¤¼
æ±½è½¦
ææ»
å¤å¸é³ä¹
èå¥å¸é²æ¯
å»å
ä¹¡æ
æ°è°£
çµå­
çµå£«
æµè¡
å¸é²æ¯
ä¸çé³ä¹
æ°ä¸çºª
è¯´å±
é·é¬¼
éå±
ä¸­å½å¥½å£°é³
ææ¯æ­æ
æ¥æ¬å¨æ¼«
å¨æ¼«
çµå½±
çµè§å§
ä¸­å½å¥½æ­æ²
å½è²å¤©é¦
æåå¤§é
ä¸­å½æ¢¦ä¹å£°
æç¾åå£°
æ¢¦æ³ææ­æ¡£
äº¬å§
ææ²
è±«å§
é»æ¢æ
è¶å§
æ²³åæ¢å­
æ²³åå å­
ç·é«é³
å¥³é«é³
æµ·è±é³
å¥³å£°
ç«¥å£°
å¤©ç±
ç©ºçµ
å¯¹å±
å°é²è
å¤©ç±ç«¥å£°
DJéå£°
ç½ç»éå£°
æç¬éå£°
ä¸ªæ§éå£°
ç»å¸éå£°
å¯ç±éå£°
å½±è§å¹¿åéå£°
å¨æ¼«éå£°
æ¸¸æéå£°
